<?xml version="1.0" encoding="UTF-8"?>
<!-- Generated by org.testng.reporters.JUnitReportReporter -->
<testsuite hostname="rocky-NUC7i3BNH" failures="0" tests="6" name="Cucumber.RunnerClass.CalcRunnerClass" time="0.307" errors="0" timestamp="2023-06-09T15:00:07 GMT-04:00" skipped="0">
  <testcase classname="Cucumber.RunnerClass.CalcRunnerClass" name="runScenario" time="0.031"/>
  <system-out/>
  <testcase classname="Cucumber.RunnerClass.CalcRunnerClass" name="runScenario" time="0.208"/>
  <system-out/>
  <testcase classname="Cucumber.RunnerClass.CalcRunnerClass" name="runScenario" time="0.015"/>
  <system-out/>
  <testcase classname="Cucumber.RunnerClass.CalcRunnerClass" name="runScenario" time="0.015"/>
  <system-out/>
  <testcase classname="Cucumber.RunnerClass.CalcRunnerClass" name="runScenario" time="0.021"/>
  <system-out/>
  <testcase classname="Cucumber.RunnerClass.CalcRunnerClass" name="runScenario" time="0.017"/>
  <system-out/>
</testsuite> <!-- Cucumber.RunnerClass.CalcRunnerClass -->
