<?xml version="1.0" encoding="UTF-8"?>
<!-- Generated by org.testng.reporters.JUnitReportReporter -->
<testsuite hostname="rocky-NUC7i3BNH" failures="0" tests="1" name="test.PageObjectModel" time="21.571" errors="0" timestamp="2022-05-21T22:49:21 GMT-04:00" skipped="0">
  <testcase classname="test.PageObjectModel" name="firstTC" time="21.571"/>
  <system-out/>
</testsuite> <!-- test.PageObjectModel -->
